[debug] [2023-10-15T08:00:30.668Z] ----------------------------------------------------------------------
[debug] [2023-10-15T08:00:30.671Z] Command:       C:\Program Files\nodejs\node.exe C:\Users\User\AppData\Roaming\npm\node_modules\firebase-tools\lib\bin\firebase.js init
[debug] [2023-10-15T08:00:30.672Z] CLI Version:   12.6.2
[debug] [2023-10-15T08:00:30.672Z] Platform:      win32
[debug] [2023-10-15T08:00:30.672Z] Node Version:  v18.18.0
[debug] [2023-10-15T08:00:30.673Z] Time:          Sun Oct 15 2023 11:00:30 GMT+0300 (Arabian Standard Time)
[debug] [2023-10-15T08:00:30.673Z] ----------------------------------------------------------------------
[debug] 
[debug] [2023-10-15T08:00:30.830Z] > command requires scopes: ["email","openid","https://www.googleapis.com/auth/cloudplatformprojects.readonly","https://www.googleapis.com/auth/firebase","https://www.googleapis.com/auth/cloud-platform"]
[debug] [2023-10-15T08:00:30.831Z] > authorizing via signed-in user (usamaomarsoftware@gmail.com)
[info] 
     ######## #### ########  ######## ########     ###     ######  ########
     ##        ##  ##     ## ##       ##     ##  ##   ##  ##       ##
     ######    ##  ########  ######   ########  #########  ######  ######
     ##        ##  ##    ##  ##       ##     ## ##     ##       ## ##
     ##       #### ##     ## ######## ########  ##     ##  ######  ########

You're about to initialize a Firebase project in this directory:

  C:\Users\User\StudioProjects\AdminBeyond

Before we get started, keep in mind:

  * You are initializing within an existing Firebase project directory

